<?xml version="1.0" encoding="UTF-8"?>
<!-- Generated by org.testng.reporters.JUnitReportReporter -->
<testsuite hostname="20150401-093536" name="com.xiezl.StartAdminCase.AddShops" tests="1" failures="0" timestamp="28 May 2015 12:26:15 GMT" time="28.316" errors="0">
  <testcase name="addshops" time="28.316" classname="com.xiezl.StartAdminCase.AddShops"/>
</testsuite> <!-- com.xiezl.StartAdminCase.AddShops -->
