<?xml version="1.0" encoding="UTF-8"?>
<!-- Generated by org.testng.reporters.JUnitReportReporter -->
<testsuite hostname="20150401-093536" name="com.xiezl.StartAdminCase.AddGroupBuy" tests="1" failures="0" timestamp="28 May 2015 12:26:15 GMT" time="19.593" errors="0">
  <testcase name="Add_groupbuy" time="19.593" classname="com.xiezl.StartAdminCase.AddGroupBuy"/>
</testsuite> <!-- com.xiezl.StartAdminCase.AddGroupBuy -->
